[2021-08-26 19:15:10] [DEBUG] [ConfiguracionJDBC:18] Instanciando ConfiguracionJDBC con valores por defecto. Driver: H2
[2021-08-26 19:15:10] [DEBUG] [ConfiguracionJDBC:18] Instanciando ConfiguracionJDBC con valores por defecto. Driver: H2
[2021-08-26 19:15:10] [DEBUG] [OdontologoDaoH2:32] Iniciando método 'consultarPorId()'
[2021-08-26 19:15:10] [ERROR] [Service:39] El id no puede ser null
[2021-08-26 19:15:10] [DEBUG] [ConfiguracionJDBC:18] Instanciando ConfiguracionJDBC con valores por defecto. Driver: H2
[2021-08-26 19:15:10] [DEBUG] [ConfiguracionJDBC:18] Instanciando ConfiguracionJDBC con valores por defecto. Driver: H2
[2021-08-26 19:15:10] [DEBUG] [OdontologoDaoH2:32] Iniciando método 'consultarPorId()'
[2021-08-26 19:15:10] [DEBUG] [ConfiguracionJDBC:34] Obteniendo conexión con la base de datos
[2021-08-26 19:15:11] [ERROR] [Service:39] No existe ningun odontologo con ese ID
[2021-08-26 19:15:11] [DEBUG] [ConfiguracionJDBC:18] Instanciando ConfiguracionJDBC con valores por defecto. Driver: H2
[2021-08-26 19:15:11] [DEBUG] [ConfiguracionJDBC:18] Instanciando ConfiguracionJDBC con valores por defecto. Driver: H2
[2021-08-26 19:15:11] [DEBUG] [OdontologoDaoH2:32] Iniciando método 'consultarPorId()'
[2021-08-26 19:15:11] [DEBUG] [ConfiguracionJDBC:34] Obteniendo conexión con la base de datos
[2021-08-26 19:15:11] [DEBUG] [OdontologoDaoH2:55] Terminó la ejecución del método 'consultarPorId()' con éxito
[2021-08-26 19:15:11] [DEBUG] [OdontologoDaoH2:116] Iniciando método 'actualizar()'
[2021-08-26 19:15:11] [DEBUG] [ConfiguracionJDBC:34] Obteniendo conexión con la base de datos
[2021-08-26 19:15:11] [DEBUG] [OdontologoDaoH2:133] Terminó la ejecución del método 'actualizar()' con éxito
[2021-08-26 19:15:11] [INFO ] [Service:67] Los nuevos datos son:
Odontologo
	Nombre: 'Pipo'
	Apellido: 'Piposo'
	Matricula: 112233
[2021-08-26 19:15:11] [DEBUG] [ConfiguracionJDBC:18] Instanciando ConfiguracionJDBC con valores por defecto. Driver: H2
[2021-08-26 19:15:11] [DEBUG] [ConfiguracionJDBC:18] Instanciando ConfiguracionJDBC con valores por defecto. Driver: H2
[2021-08-26 19:15:11] [DEBUG] [OdontologoDaoH2:88] Iniciando método 'insertarNuevo()'
[2021-08-26 19:15:11] [DEBUG] [ConfiguracionJDBC:34] Obteniendo conexión con la base de datos
[2021-08-26 19:15:11] [DEBUG] [OdontologoDaoH2:110] Terminó la ejecución del método 'insertarNuevo()' con éxito
[2021-08-26 19:15:11] [INFO ] [Service:50] El odontologo Odontologo
	Nombre: 'John'
	Apellido: 'Doe'
	Matricula: 666666 fue dado de alta con éxito
[2021-08-26 19:15:11] [DEBUG] [ConfiguracionJDBC:18] Instanciando ConfiguracionJDBC con valores por defecto. Driver: H2
[2021-08-26 19:15:11] [DEBUG] [ConfiguracionJDBC:18] Instanciando ConfiguracionJDBC con valores por defecto. Driver: H2
[2021-08-26 19:15:11] [DEBUG] [OdontologoDaoH2:32] Iniciando método 'consultarPorId()'
[2021-08-26 19:15:11] [DEBUG] [ConfiguracionJDBC:34] Obteniendo conexión con la base de datos
[2021-08-26 19:15:11] [ERROR] [Service:39] No existe ningun odontologo con ese ID
[2021-08-26 19:15:11] [DEBUG] [ConfiguracionJDBC:18] Instanciando ConfiguracionJDBC con valores por defecto. Driver: H2
[2021-08-26 19:15:11] [DEBUG] [ConfiguracionJDBC:18] Instanciando ConfiguracionJDBC con valores por defecto. Driver: H2
[2021-08-26 19:15:11] [DEBUG] [OdontologoDaoH2:88] Iniciando método 'insertarNuevo()'
[2021-08-26 19:15:11] [DEBUG] [ConfiguracionJDBC:34] Obteniendo conexión con la base de datos
[2021-08-26 19:15:11] [ERROR] [Service:52] La columna "NOMBRE" no permite valores nulos (NULL)
NULL not allowed for column "NOMBRE"; SQL statement:
INSERT INTO odontologos (nombre,apellido,numeroMatricula) VALUES (?,?,?); [23502-200]
[2021-08-26 19:15:11] [DEBUG] [ConfiguracionJDBC:18] Instanciando ConfiguracionJDBC con valores por defecto. Driver: H2
[2021-08-26 19:15:11] [DEBUG] [ConfiguracionJDBC:18] Instanciando ConfiguracionJDBC con valores por defecto. Driver: H2
[2021-08-26 19:15:11] [DEBUG] [OdontologoDaoH2:32] Iniciando método 'consultarPorId()'
[2021-08-26 19:15:11] [DEBUG] [ConfiguracionJDBC:34] Obteniendo conexión con la base de datos
[2021-08-26 19:15:11] [DEBUG] [OdontologoDaoH2:55] Terminó la ejecución del método 'consultarPorId()' con éxito
[2021-08-26 19:15:11] [INFO ] [Service:36] El odontologo con ID: 1 es Odontologo
	Nombre: 'Pepe'
	Apellido: 'Pepardo'
	Matricula: 123456
[2021-08-26 19:15:11] [DEBUG] [ConfiguracionJDBC:18] Instanciando ConfiguracionJDBC con valores por defecto. Driver: H2
[2021-08-26 19:15:11] [DEBUG] [ConfiguracionJDBC:18] Instanciando ConfiguracionJDBC con valores por defecto. Driver: H2
[2021-08-26 19:15:11] [DEBUG] [OdontologoDaoH2:88] Iniciando método 'insertarNuevo()'
[2021-08-26 19:15:11] [DEBUG] [ConfiguracionJDBC:34] Obteniendo conexión con la base de datos
[2021-08-26 19:15:11] [DEBUG] [OdontologoDaoH2:110] Terminó la ejecución del método 'insertarNuevo()' con éxito
[2021-08-26 19:15:11] [DEBUG] [ConfiguracionJDBC:18] Instanciando ConfiguracionJDBC con valores por defecto. Driver: H2
[2021-08-26 19:15:11] [DEBUG] [OdontologoDaoH2:116] Iniciando método 'actualizar()'
[2021-08-26 19:15:11] [DEBUG] [ConfiguracionJDBC:34] Obteniendo conexión con la base de datos
[2021-08-26 19:15:11] [DEBUG] [OdontologoDaoH2:133] Terminó la ejecución del método 'actualizar()' con éxito
[2021-08-26 19:15:11] [DEBUG] [ConfiguracionJDBC:18] Instanciando ConfiguracionJDBC con valores por defecto. Driver: H2
[2021-08-26 19:15:11] [DEBUG] [OdontologoDaoH2:32] Iniciando método 'consultarPorId()'
[2021-08-26 19:15:11] [DEBUG] [ConfiguracionJDBC:34] Obteniendo conexión con la base de datos
[2021-08-26 19:15:11] [DEBUG] [ConfiguracionJDBC:18] Instanciando ConfiguracionJDBC con valores por defecto. Driver: H2
[2021-08-26 19:15:11] [DEBUG] [OdontologoDaoH2:88] Iniciando método 'insertarNuevo()'
[2021-08-26 19:15:11] [DEBUG] [ConfiguracionJDBC:18] Instanciando ConfiguracionJDBC con valores por defecto. Driver: H2
[2021-08-26 19:15:11] [DEBUG] [OdontologoDaoH2:88] Iniciando método 'insertarNuevo()'
[2021-08-26 19:15:11] [DEBUG] [ConfiguracionJDBC:34] Obteniendo conexión con la base de datos
[2021-08-26 19:15:11] [DEBUG] [OdontologoDaoH2:110] Terminó la ejecución del método 'insertarNuevo()' con éxito
[2021-08-26 19:15:11] [DEBUG] [OdontologoDaoH2:61] Iniciando método 'consultarTodos()'
[2021-08-26 19:15:11] [DEBUG] [ConfiguracionJDBC:34] Obteniendo conexión con la base de datos
[2021-08-26 19:15:11] [DEBUG] [OdontologoDaoH2:82] Terminó la ejecución del método 'consultarTodos()' con éxito
[2021-08-26 19:15:11] [DEBUG] [ConfiguracionJDBC:18] Instanciando ConfiguracionJDBC con valores por defecto. Driver: H2
[2021-08-26 19:15:11] [DEBUG] [OdontologoDaoH2:116] Iniciando método 'actualizar()'
[2021-08-26 19:15:11] [DEBUG] [ConfiguracionJDBC:18] Instanciando ConfiguracionJDBC con valores por defecto. Driver: H2
[2021-08-26 19:15:11] [DEBUG] [OdontologoDaoH2:32] Iniciando método 'consultarPorId()'
[2021-08-26 19:15:11] [DEBUG] [ConfiguracionJDBC:34] Obteniendo conexión con la base de datos
[2021-08-26 19:15:11] [DEBUG] [OdontologoDaoH2:55] Terminó la ejecución del método 'consultarPorId()' con éxito
[2021-08-26 19:32:38] [DEBUG] [ConfiguracionJDBC:18] Instanciando ConfiguracionJDBC con valores por defecto. Driver: H2
[2021-08-26 19:32:38] [DEBUG] [ConfiguracionJDBC:18] Instanciando ConfiguracionJDBC con valores por defecto. Driver: H2
[2021-08-26 19:32:38] [DEBUG] [OdontologoDaoH2:139] Iniciando método 'borrarTodos()'
[2021-08-26 19:32:38] [DEBUG] [ConfiguracionJDBC:34] Obteniendo conexión con la base de datos
[2021-08-26 19:32:39] [DEBUG] [OdontologoDaoH2:147] Terminó la ejecución del método 'borrarTodos()' con éxito
[2021-08-26 19:32:39] [DEBUG] [OdontologoDaoH2:61] Iniciando método 'consultarTodos()'
[2021-08-26 19:32:39] [DEBUG] [ConfiguracionJDBC:34] Obteniendo conexión con la base de datos
[2021-08-26 19:32:39] [DEBUG] [OdontologoDaoH2:82] Terminó la ejecución del método 'consultarTodos()' con éxito
[2021-08-26 19:33:21] [DEBUG] [ConfiguracionJDBC:18] Instanciando ConfiguracionJDBC con valores por defecto. Driver: H2
[2021-08-26 19:33:21] [DEBUG] [ConfiguracionJDBC:18] Instanciando ConfiguracionJDBC con valores por defecto. Driver: H2
[2021-08-26 19:33:21] [DEBUG] [OdontologoDaoH2:61] Iniciando método 'consultarTodos()'
[2021-08-26 19:33:21] [DEBUG] [ConfiguracionJDBC:34] Obteniendo conexión con la base de datos
[2021-08-26 19:33:22] [DEBUG] [OdontologoDaoH2:82] Terminó la ejecución del método 'consultarTodos()' con éxito
[2021-08-26 19:34:53] [DEBUG] [ConfiguracionJDBC:18] Instanciando ConfiguracionJDBC con valores por defecto. Driver: H2
[2021-08-26 19:34:53] [DEBUG] [ConfiguracionJDBC:18] Instanciando ConfiguracionJDBC con valores por defecto. Driver: H2
[2021-08-26 19:34:53] [DEBUG] [OdontologoDaoH2:61] Iniciando método 'consultarTodos()'
[2021-08-26 19:34:53] [DEBUG] [ConfiguracionJDBC:34] Obteniendo conexión con la base de datos
[2021-08-26 19:34:53] [DEBUG] [OdontologoDaoH2:82] Terminó la ejecución del método 'consultarTodos()' con éxito
[2021-08-26 19:35:23] [DEBUG] [ConfiguracionJDBC:18] Instanciando ConfiguracionJDBC con valores por defecto. Driver: H2
[2021-08-26 19:35:23] [DEBUG] [ConfiguracionJDBC:18] Instanciando ConfiguracionJDBC con valores por defecto. Driver: H2
[2021-08-26 19:35:23] [DEBUG] [OdontologoDaoH2:61] Iniciando método 'consultarTodos()'
[2021-08-26 19:35:23] [DEBUG] [ConfiguracionJDBC:34] Obteniendo conexión con la base de datos
[2021-08-26 19:35:24] [DEBUG] [OdontologoDaoH2:82] Terminó la ejecución del método 'consultarTodos()' con éxito
[2021-08-26 19:37:33] [DEBUG] [ConfiguracionJDBC:18] Instanciando ConfiguracionJDBC con valores por defecto. Driver: H2
[2021-08-26 19:37:33] [DEBUG] [ConfiguracionJDBC:18] Instanciando ConfiguracionJDBC con valores por defecto. Driver: H2
[2021-08-26 19:37:33] [DEBUG] [OdontologoDaoH2:32] Iniciando método 'consultarPorId()'
[2021-08-26 19:37:33] [ERROR] [Service:42] El id no puede ser null
[2021-08-26 19:37:33] [DEBUG] [ConfiguracionJDBC:18] Instanciando ConfiguracionJDBC con valores por defecto. Driver: H2
[2021-08-26 19:37:33] [DEBUG] [ConfiguracionJDBC:18] Instanciando ConfiguracionJDBC con valores por defecto. Driver: H2
[2021-08-26 19:37:33] [DEBUG] [OdontologoDaoH2:32] Iniciando método 'consultarPorId()'
[2021-08-26 19:37:33] [DEBUG] [ConfiguracionJDBC:34] Obteniendo conexión con la base de datos
[2021-08-26 19:37:33] [ERROR] [Service:42] No existe ningun odontologo con ese ID
[2021-08-26 19:37:33] [DEBUG] [ConfiguracionJDBC:18] Instanciando ConfiguracionJDBC con valores por defecto. Driver: H2
[2021-08-26 19:37:33] [DEBUG] [ConfiguracionJDBC:18] Instanciando ConfiguracionJDBC con valores por defecto. Driver: H2
[2021-08-26 19:37:33] [DEBUG] [OdontologoDaoH2:61] Iniciando método 'consultarTodos()'
[2021-08-26 19:37:33] [DEBUG] [ConfiguracionJDBC:34] Obteniendo conexión con la base de datos
[2021-08-26 19:37:33] [DEBUG] [OdontologoDaoH2:82] Terminó la ejecución del método 'consultarTodos()' con éxito
[2021-08-26 19:37:33] [DEBUG] [ConfiguracionJDBC:18] Instanciando ConfiguracionJDBC con valores por defecto. Driver: H2
[2021-08-26 19:37:33] [DEBUG] [ConfiguracionJDBC:18] Instanciando ConfiguracionJDBC con valores por defecto. Driver: H2
[2021-08-26 19:37:33] [DEBUG] [OdontologoDaoH2:32] Iniciando método 'consultarPorId()'
[2021-08-26 19:37:33] [DEBUG] [ConfiguracionJDBC:34] Obteniendo conexión con la base de datos
[2021-08-26 19:37:33] [DEBUG] [OdontologoDaoH2:55] Terminó la ejecución del método 'consultarPorId()' con éxito
[2021-08-26 19:37:33] [DEBUG] [OdontologoDaoH2:116] Iniciando método 'actualizar()'
[2021-08-26 19:37:33] [DEBUG] [ConfiguracionJDBC:34] Obteniendo conexión con la base de datos
[2021-08-26 19:37:33] [DEBUG] [OdontologoDaoH2:133] Terminó la ejecución del método 'actualizar()' con éxito
[2021-08-26 19:37:33] [INFO ] [Service:70] Los nuevos datos son:
Odontologo
	Nombre: 'Pipo'
	Apellido: 'Piposo'
	Matricula: 112233
[2021-08-26 19:37:33] [DEBUG] [ConfiguracionJDBC:18] Instanciando ConfiguracionJDBC con valores por defecto. Driver: H2
[2021-08-26 19:37:33] [DEBUG] [ConfiguracionJDBC:18] Instanciando ConfiguracionJDBC con valores por defecto. Driver: H2
[2021-08-26 19:37:33] [DEBUG] [OdontologoDaoH2:88] Iniciando método 'insertarNuevo()'
[2021-08-26 19:37:33] [DEBUG] [ConfiguracionJDBC:34] Obteniendo conexión con la base de datos
[2021-08-26 19:37:33] [DEBUG] [OdontologoDaoH2:110] Terminó la ejecución del método 'insertarNuevo()' con éxito
[2021-08-26 19:37:33] [INFO ] [Service:53] El odontologo Odontologo
	Nombre: 'John'
	Apellido: 'Doe'
	Matricula: 666666 fue dado de alta con éxito
[2021-08-26 19:37:33] [DEBUG] [ConfiguracionJDBC:18] Instanciando ConfiguracionJDBC con valores por defecto. Driver: H2
[2021-08-26 19:37:33] [DEBUG] [ConfiguracionJDBC:18] Instanciando ConfiguracionJDBC con valores por defecto. Driver: H2
[2021-08-26 19:37:33] [DEBUG] [OdontologoDaoH2:32] Iniciando método 'consultarPorId()'
[2021-08-26 19:37:33] [DEBUG] [ConfiguracionJDBC:34] Obteniendo conexión con la base de datos
[2021-08-26 19:37:33] [ERROR] [Service:42] No existe ningun odontologo con ese ID
[2021-08-26 19:37:33] [DEBUG] [ConfiguracionJDBC:18] Instanciando ConfiguracionJDBC con valores por defecto. Driver: H2
[2021-08-26 19:37:33] [DEBUG] [ConfiguracionJDBC:18] Instanciando ConfiguracionJDBC con valores por defecto. Driver: H2
[2021-08-26 19:37:33] [DEBUG] [OdontologoDaoH2:88] Iniciando método 'insertarNuevo()'
[2021-08-26 19:37:33] [DEBUG] [ConfiguracionJDBC:34] Obteniendo conexión con la base de datos
[2021-08-26 19:37:33] [ERROR] [Service:55] La columna "NOMBRE" no permite valores nulos (NULL)
NULL not allowed for column "NOMBRE"; SQL statement:
INSERT INTO odontologos (nombre,apellido,numeroMatricula) VALUES (?,?,?); [23502-200]
[2021-08-26 19:37:33] [DEBUG] [ConfiguracionJDBC:18] Instanciando ConfiguracionJDBC con valores por defecto. Driver: H2
[2021-08-26 19:37:33] [DEBUG] [ConfiguracionJDBC:18] Instanciando ConfiguracionJDBC con valores por defecto. Driver: H2
[2021-08-26 19:37:33] [DEBUG] [OdontologoDaoH2:32] Iniciando método 'consultarPorId()'
[2021-08-26 19:37:33] [DEBUG] [ConfiguracionJDBC:34] Obteniendo conexión con la base de datos
[2021-08-26 19:37:34] [DEBUG] [OdontologoDaoH2:55] Terminó la ejecución del método 'consultarPorId()' con éxito
[2021-08-26 19:37:34] [INFO ] [Service:39] El odontologo con ID: 1 es Odontologo
	Nombre: 'Pepe'
	Apellido: 'Pepardo'
	Matricula: 123456
[2021-08-26 19:37:34] [DEBUG] [ConfiguracionJDBC:18] Instanciando ConfiguracionJDBC con valores por defecto. Driver: H2
[2021-08-26 19:37:34] [DEBUG] [ConfiguracionJDBC:18] Instanciando ConfiguracionJDBC con valores por defecto. Driver: H2
[2021-08-26 19:37:34] [DEBUG] [OdontologoDaoH2:88] Iniciando método 'insertarNuevo()'
[2021-08-26 19:37:34] [DEBUG] [ConfiguracionJDBC:34] Obteniendo conexión con la base de datos
[2021-08-26 19:37:34] [DEBUG] [OdontologoDaoH2:110] Terminó la ejecución del método 'insertarNuevo()' con éxito
[2021-08-26 19:37:34] [DEBUG] [ConfiguracionJDBC:18] Instanciando ConfiguracionJDBC con valores por defecto. Driver: H2
[2021-08-26 19:37:34] [DEBUG] [OdontologoDaoH2:61] Iniciando método 'consultarTodos()'
[2021-08-26 19:37:34] [DEBUG] [ConfiguracionJDBC:34] Obteniendo conexión con la base de datos
[2021-08-26 19:37:34] [DEBUG] [OdontologoDaoH2:82] Terminó la ejecución del método 'consultarTodos()' con éxito
[2021-08-26 19:37:34] [DEBUG] [ConfiguracionJDBC:18] Instanciando ConfiguracionJDBC con valores por defecto. Driver: H2
[2021-08-26 19:37:34] [DEBUG] [OdontologoDaoH2:116] Iniciando método 'actualizar()'
[2021-08-26 19:37:34] [DEBUG] [ConfiguracionJDBC:34] Obteniendo conexión con la base de datos
[2021-08-26 19:37:34] [DEBUG] [OdontologoDaoH2:133] Terminó la ejecución del método 'actualizar()' con éxito
[2021-08-26 19:37:34] [DEBUG] [ConfiguracionJDBC:18] Instanciando ConfiguracionJDBC con valores por defecto. Driver: H2
[2021-08-26 19:37:34] [DEBUG] [OdontologoDaoH2:32] Iniciando método 'consultarPorId()'
[2021-08-26 19:37:34] [DEBUG] [ConfiguracionJDBC:34] Obteniendo conexión con la base de datos
[2021-08-26 19:37:34] [DEBUG] [ConfiguracionJDBC:18] Instanciando ConfiguracionJDBC con valores por defecto. Driver: H2
[2021-08-26 19:37:34] [DEBUG] [OdontologoDaoH2:88] Iniciando método 'insertarNuevo()'
[2021-08-26 19:37:34] [DEBUG] [ConfiguracionJDBC:18] Instanciando ConfiguracionJDBC con valores por defecto. Driver: H2
[2021-08-26 19:37:34] [DEBUG] [OdontologoDaoH2:88] Iniciando método 'insertarNuevo()'
[2021-08-26 19:37:34] [DEBUG] [ConfiguracionJDBC:34] Obteniendo conexión con la base de datos
[2021-08-26 19:37:34] [DEBUG] [OdontologoDaoH2:110] Terminó la ejecución del método 'insertarNuevo()' con éxito
[2021-08-26 19:37:34] [DEBUG] [OdontologoDaoH2:61] Iniciando método 'consultarTodos()'
[2021-08-26 19:37:34] [DEBUG] [ConfiguracionJDBC:34] Obteniendo conexión con la base de datos
[2021-08-26 19:37:34] [DEBUG] [OdontologoDaoH2:82] Terminó la ejecución del método 'consultarTodos()' con éxito
[2021-08-26 19:37:34] [DEBUG] [ConfiguracionJDBC:18] Instanciando ConfiguracionJDBC con valores por defecto. Driver: H2
[2021-08-26 19:37:34] [DEBUG] [OdontologoDaoH2:116] Iniciando método 'actualizar()'
[2021-08-26 19:37:34] [DEBUG] [ConfiguracionJDBC:18] Instanciando ConfiguracionJDBC con valores por defecto. Driver: H2
[2021-08-26 19:37:34] [DEBUG] [OdontologoDaoH2:32] Iniciando método 'consultarPorId()'
[2021-08-26 19:37:34] [DEBUG] [ConfiguracionJDBC:34] Obteniendo conexión con la base de datos
[2021-08-26 19:37:34] [DEBUG] [OdontologoDaoH2:55] Terminó la ejecución del método 'consultarPorId()' con éxito
[2021-08-26 19:38:00] [DEBUG] [ConfiguracionJDBC:18] Instanciando ConfiguracionJDBC con valores por defecto. Driver: H2
[2021-08-26 19:38:00] [DEBUG] [ConfiguracionJDBC:18] Instanciando ConfiguracionJDBC con valores por defecto. Driver: H2
[2021-08-26 19:38:00] [DEBUG] [OdontologoDaoH2:61] Iniciando método 'consultarTodos()'
[2021-08-26 19:38:00] [DEBUG] [ConfiguracionJDBC:34] Obteniendo conexión con la base de datos
[2021-08-26 19:38:00] [DEBUG] [OdontologoDaoH2:82] Terminó la ejecución del método 'consultarTodos()' con éxito
[2021-08-26 19:38:07] [DEBUG] [ConfiguracionJDBC:18] Instanciando ConfiguracionJDBC con valores por defecto. Driver: H2
[2021-08-26 19:38:08] [DEBUG] [OdontologoDaoH2:61] Iniciando método 'consultarTodos()'
[2021-08-26 19:38:08] [DEBUG] [ConfiguracionJDBC:34] Obteniendo conexión con la base de datos
[2021-08-26 19:38:08] [DEBUG] [OdontologoDaoH2:82] Terminó la ejecución del método 'consultarTodos()' con éxito
[2021-08-26 19:38:16] [DEBUG] [ConfiguracionJDBC:18] Instanciando ConfiguracionJDBC con valores por defecto. Driver: H2
[2021-08-26 19:38:16] [DEBUG] [ConfiguracionJDBC:18] Instanciando ConfiguracionJDBC con valores por defecto. Driver: H2
[2021-08-26 19:38:16] [DEBUG] [OdontologoDaoH2:32] Iniciando método 'consultarPorId()'
[2021-08-26 19:38:16] [ERROR] [Service:42] El id no puede ser null
[2021-08-26 19:38:16] [DEBUG] [ConfiguracionJDBC:18] Instanciando ConfiguracionJDBC con valores por defecto. Driver: H2
[2021-08-26 19:38:16] [DEBUG] [ConfiguracionJDBC:18] Instanciando ConfiguracionJDBC con valores por defecto. Driver: H2
[2021-08-26 19:38:16] [DEBUG] [OdontologoDaoH2:32] Iniciando método 'consultarPorId()'
[2021-08-26 19:38:16] [DEBUG] [ConfiguracionJDBC:34] Obteniendo conexión con la base de datos
[2021-08-26 19:38:17] [ERROR] [Service:42] No existe ningun odontologo con ese ID
[2021-08-26 19:38:17] [DEBUG] [ConfiguracionJDBC:18] Instanciando ConfiguracionJDBC con valores por defecto. Driver: H2
[2021-08-26 19:38:17] [DEBUG] [ConfiguracionJDBC:18] Instanciando ConfiguracionJDBC con valores por defecto. Driver: H2
[2021-08-26 19:38:17] [DEBUG] [OdontologoDaoH2:61] Iniciando método 'consultarTodos()'
[2021-08-26 19:38:17] [DEBUG] [ConfiguracionJDBC:34] Obteniendo conexión con la base de datos
[2021-08-26 19:38:17] [DEBUG] [OdontologoDaoH2:82] Terminó la ejecución del método 'consultarTodos()' con éxito
[2021-08-26 19:38:17] [DEBUG] [ConfiguracionJDBC:18] Instanciando ConfiguracionJDBC con valores por defecto. Driver: H2
[2021-08-26 19:38:17] [DEBUG] [ConfiguracionJDBC:18] Instanciando ConfiguracionJDBC con valores por defecto. Driver: H2
[2021-08-26 19:38:17] [DEBUG] [OdontologoDaoH2:32] Iniciando método 'consultarPorId()'
[2021-08-26 19:38:17] [DEBUG] [ConfiguracionJDBC:34] Obteniendo conexión con la base de datos
[2021-08-26 19:38:17] [DEBUG] [OdontologoDaoH2:55] Terminó la ejecución del método 'consultarPorId()' con éxito
[2021-08-26 19:38:17] [DEBUG] [OdontologoDaoH2:116] Iniciando método 'actualizar()'
[2021-08-26 19:38:17] [DEBUG] [ConfiguracionJDBC:34] Obteniendo conexión con la base de datos
[2021-08-26 19:38:17] [DEBUG] [OdontologoDaoH2:133] Terminó la ejecución del método 'actualizar()' con éxito
[2021-08-26 19:38:17] [INFO ] [Service:70] Los nuevos datos son:
Odontologo
	Nombre: 'Pipo'
	Apellido: 'Piposo'
	Matricula: 112233
[2021-08-26 19:38:17] [DEBUG] [ConfiguracionJDBC:18] Instanciando ConfiguracionJDBC con valores por defecto. Driver: H2
[2021-08-26 19:38:17] [DEBUG] [ConfiguracionJDBC:18] Instanciando ConfiguracionJDBC con valores por defecto. Driver: H2
[2021-08-26 19:38:17] [DEBUG] [OdontologoDaoH2:88] Iniciando método 'insertarNuevo()'
[2021-08-26 19:38:17] [DEBUG] [ConfiguracionJDBC:34] Obteniendo conexión con la base de datos
[2021-08-26 19:38:17] [DEBUG] [OdontologoDaoH2:110] Terminó la ejecución del método 'insertarNuevo()' con éxito
[2021-08-26 19:38:17] [INFO ] [Service:53] El odontologo Odontologo
	Nombre: 'John'
	Apellido: 'Doe'
	Matricula: 666666 fue dado de alta con éxito
[2021-08-26 19:38:17] [DEBUG] [ConfiguracionJDBC:18] Instanciando ConfiguracionJDBC con valores por defecto. Driver: H2
[2021-08-26 19:38:17] [DEBUG] [ConfiguracionJDBC:18] Instanciando ConfiguracionJDBC con valores por defecto. Driver: H2
[2021-08-26 19:38:17] [DEBUG] [OdontologoDaoH2:32] Iniciando método 'consultarPorId()'
[2021-08-26 19:38:17] [DEBUG] [ConfiguracionJDBC:34] Obteniendo conexión con la base de datos
[2021-08-26 19:38:17] [ERROR] [Service:42] No existe ningun odontologo con ese ID
[2021-08-26 19:38:17] [DEBUG] [ConfiguracionJDBC:18] Instanciando ConfiguracionJDBC con valores por defecto. Driver: H2
[2021-08-26 19:38:17] [DEBUG] [ConfiguracionJDBC:18] Instanciando ConfiguracionJDBC con valores por defecto. Driver: H2
[2021-08-26 19:38:17] [DEBUG] [OdontologoDaoH2:88] Iniciando método 'insertarNuevo()'
[2021-08-26 19:38:17] [DEBUG] [ConfiguracionJDBC:34] Obteniendo conexión con la base de datos
[2021-08-26 19:38:17] [ERROR] [Service:55] La columna "NOMBRE" no permite valores nulos (NULL)
NULL not allowed for column "NOMBRE"; SQL statement:
INSERT INTO odontologos (nombre,apellido,numeroMatricula) VALUES (?,?,?); [23502-200]
[2021-08-26 19:38:17] [DEBUG] [ConfiguracionJDBC:18] Instanciando ConfiguracionJDBC con valores por defecto. Driver: H2
[2021-08-26 19:38:17] [DEBUG] [ConfiguracionJDBC:18] Instanciando ConfiguracionJDBC con valores por defecto. Driver: H2
[2021-08-26 19:38:17] [DEBUG] [OdontologoDaoH2:32] Iniciando método 'consultarPorId()'
[2021-08-26 19:38:17] [DEBUG] [ConfiguracionJDBC:34] Obteniendo conexión con la base de datos
[2021-08-26 19:38:17] [DEBUG] [OdontologoDaoH2:55] Terminó la ejecución del método 'consultarPorId()' con éxito
[2021-08-26 19:38:17] [INFO ] [Service:39] El odontologo con ID: 1 es Odontologo
	Nombre: 'Pepe'
	Apellido: 'Pepardo'
	Matricula: 123456
[2021-08-26 19:38:17] [DEBUG] [ConfiguracionJDBC:18] Instanciando ConfiguracionJDBC con valores por defecto. Driver: H2
[2021-08-26 19:38:17] [DEBUG] [ConfiguracionJDBC:18] Instanciando ConfiguracionJDBC con valores por defecto. Driver: H2
[2021-08-26 19:38:17] [DEBUG] [OdontologoDaoH2:88] Iniciando método 'insertarNuevo()'
[2021-08-26 19:38:17] [DEBUG] [ConfiguracionJDBC:34] Obteniendo conexión con la base de datos
[2021-08-26 19:38:17] [DEBUG] [OdontologoDaoH2:110] Terminó la ejecución del método 'insertarNuevo()' con éxito
[2021-08-26 19:38:17] [DEBUG] [ConfiguracionJDBC:18] Instanciando ConfiguracionJDBC con valores por defecto. Driver: H2
[2021-08-26 19:38:17] [DEBUG] [OdontologoDaoH2:61] Iniciando método 'consultarTodos()'
[2021-08-26 19:38:17] [DEBUG] [ConfiguracionJDBC:34] Obteniendo conexión con la base de datos
[2021-08-26 19:38:17] [DEBUG] [OdontologoDaoH2:82] Terminó la ejecución del método 'consultarTodos()' con éxito
[2021-08-26 19:38:17] [DEBUG] [ConfiguracionJDBC:18] Instanciando ConfiguracionJDBC con valores por defecto. Driver: H2
[2021-08-26 19:38:17] [DEBUG] [OdontologoDaoH2:116] Iniciando método 'actualizar()'
[2021-08-26 19:38:17] [DEBUG] [ConfiguracionJDBC:34] Obteniendo conexión con la base de datos
[2021-08-26 19:38:17] [DEBUG] [OdontologoDaoH2:133] Terminó la ejecución del método 'actualizar()' con éxito
[2021-08-26 19:38:17] [DEBUG] [ConfiguracionJDBC:18] Instanciando ConfiguracionJDBC con valores por defecto. Driver: H2
[2021-08-26 19:38:17] [DEBUG] [OdontologoDaoH2:32] Iniciando método 'consultarPorId()'
[2021-08-26 19:38:17] [DEBUG] [ConfiguracionJDBC:34] Obteniendo conexión con la base de datos
[2021-08-26 19:38:17] [DEBUG] [ConfiguracionJDBC:18] Instanciando ConfiguracionJDBC con valores por defecto. Driver: H2
[2021-08-26 19:38:17] [DEBUG] [OdontologoDaoH2:88] Iniciando método 'insertarNuevo()'
[2021-08-26 19:38:17] [DEBUG] [ConfiguracionJDBC:18] Instanciando ConfiguracionJDBC con valores por defecto. Driver: H2
[2021-08-26 19:38:17] [DEBUG] [OdontologoDaoH2:88] Iniciando método 'insertarNuevo()'
[2021-08-26 19:38:17] [DEBUG] [ConfiguracionJDBC:34] Obteniendo conexión con la base de datos
[2021-08-26 19:38:17] [DEBUG] [OdontologoDaoH2:110] Terminó la ejecución del método 'insertarNuevo()' con éxito
[2021-08-26 19:38:17] [DEBUG] [OdontologoDaoH2:61] Iniciando método 'consultarTodos()'
[2021-08-26 19:38:17] [DEBUG] [ConfiguracionJDBC:34] Obteniendo conexión con la base de datos
[2021-08-26 19:38:17] [DEBUG] [OdontologoDaoH2:82] Terminó la ejecución del método 'consultarTodos()' con éxito
[2021-08-26 19:38:17] [DEBUG] [ConfiguracionJDBC:18] Instanciando ConfiguracionJDBC con valores por defecto. Driver: H2
[2021-08-26 19:38:17] [DEBUG] [OdontologoDaoH2:116] Iniciando método 'actualizar()'
[2021-08-26 19:38:17] [DEBUG] [ConfiguracionJDBC:18] Instanciando ConfiguracionJDBC con valores por defecto. Driver: H2
[2021-08-26 19:38:17] [DEBUG] [OdontologoDaoH2:32] Iniciando método 'consultarPorId()'
[2021-08-26 19:38:17] [DEBUG] [ConfiguracionJDBC:34] Obteniendo conexión con la base de datos
[2021-08-26 19:38:17] [DEBUG] [OdontologoDaoH2:55] Terminó la ejecución del método 'consultarPorId()' con éxito
[2021-08-26 19:39:31] [DEBUG] [ConfiguracionJDBC:18] Instanciando ConfiguracionJDBC con valores por defecto. Driver: H2
[2021-08-26 19:39:31] [DEBUG] [ConfiguracionJDBC:18] Instanciando ConfiguracionJDBC con valores por defecto. Driver: H2
[2021-08-26 19:39:31] [DEBUG] [OdontologoDaoH2:32] Iniciando método 'consultarPorId()'
[2021-08-26 19:39:31] [ERROR] [Service:42] El id no puede ser null
[2021-08-26 19:39:31] [DEBUG] [ConfiguracionJDBC:18] Instanciando ConfiguracionJDBC con valores por defecto. Driver: H2
[2021-08-26 19:39:31] [DEBUG] [ConfiguracionJDBC:18] Instanciando ConfiguracionJDBC con valores por defecto. Driver: H2
[2021-08-26 19:39:31] [DEBUG] [OdontologoDaoH2:32] Iniciando método 'consultarPorId()'
[2021-08-26 19:39:31] [DEBUG] [ConfiguracionJDBC:34] Obteniendo conexión con la base de datos
[2021-08-26 19:39:32] [ERROR] [Service:42] No existe ningun odontologo con ese ID
[2021-08-26 19:39:32] [DEBUG] [ConfiguracionJDBC:18] Instanciando ConfiguracionJDBC con valores por defecto. Driver: H2
[2021-08-26 19:39:32] [DEBUG] [ConfiguracionJDBC:18] Instanciando ConfiguracionJDBC con valores por defecto. Driver: H2
[2021-08-26 19:39:32] [DEBUG] [OdontologoDaoH2:61] Iniciando método 'consultarTodos()'
[2021-08-26 19:39:32] [DEBUG] [ConfiguracionJDBC:34] Obteniendo conexión con la base de datos
[2021-08-26 19:39:32] [DEBUG] [OdontologoDaoH2:82] Terminó la ejecución del método 'consultarTodos()' con éxito
[2021-08-26 19:39:32] [DEBUG] [ConfiguracionJDBC:18] Instanciando ConfiguracionJDBC con valores por defecto. Driver: H2
[2021-08-26 19:39:32] [DEBUG] [ConfiguracionJDBC:18] Instanciando ConfiguracionJDBC con valores por defecto. Driver: H2
[2021-08-26 19:39:32] [DEBUG] [OdontologoDaoH2:32] Iniciando método 'consultarPorId()'
[2021-08-26 19:39:32] [DEBUG] [ConfiguracionJDBC:34] Obteniendo conexión con la base de datos
[2021-08-26 19:39:32] [DEBUG] [OdontologoDaoH2:55] Terminó la ejecución del método 'consultarPorId()' con éxito
[2021-08-26 19:39:32] [DEBUG] [OdontologoDaoH2:116] Iniciando método 'actualizar()'
[2021-08-26 19:39:32] [DEBUG] [ConfiguracionJDBC:34] Obteniendo conexión con la base de datos
[2021-08-26 19:39:32] [DEBUG] [OdontologoDaoH2:133] Terminó la ejecución del método 'actualizar()' con éxito
[2021-08-26 19:39:32] [INFO ] [Service:70] Los nuevos datos son:
Odontologo
	Nombre: 'Pipo'
	Apellido: 'Piposo'
	Matricula: 112233
[2021-08-26 19:39:32] [DEBUG] [ConfiguracionJDBC:18] Instanciando ConfiguracionJDBC con valores por defecto. Driver: H2
[2021-08-26 19:39:32] [DEBUG] [ConfiguracionJDBC:18] Instanciando ConfiguracionJDBC con valores por defecto. Driver: H2
[2021-08-26 19:39:32] [DEBUG] [OdontologoDaoH2:88] Iniciando método 'insertarNuevo()'
[2021-08-26 19:39:32] [DEBUG] [ConfiguracionJDBC:34] Obteniendo conexión con la base de datos
[2021-08-26 19:39:32] [DEBUG] [OdontologoDaoH2:110] Terminó la ejecución del método 'insertarNuevo()' con éxito
[2021-08-26 19:39:32] [INFO ] [Service:53] El odontologo Odontologo
	Nombre: 'John'
	Apellido: 'Doe'
	Matricula: 666666 fue dado de alta con éxito
[2021-08-26 19:39:32] [DEBUG] [ConfiguracionJDBC:18] Instanciando ConfiguracionJDBC con valores por defecto. Driver: H2
[2021-08-26 19:39:32] [DEBUG] [ConfiguracionJDBC:18] Instanciando ConfiguracionJDBC con valores por defecto. Driver: H2
[2021-08-26 19:39:32] [DEBUG] [OdontologoDaoH2:32] Iniciando método 'consultarPorId()'
[2021-08-26 19:39:32] [DEBUG] [ConfiguracionJDBC:34] Obteniendo conexión con la base de datos
[2021-08-26 19:39:32] [ERROR] [Service:42] No existe ningun odontologo con ese ID
[2021-08-26 19:39:32] [DEBUG] [ConfiguracionJDBC:18] Instanciando ConfiguracionJDBC con valores por defecto. Driver: H2
[2021-08-26 19:39:32] [DEBUG] [ConfiguracionJDBC:18] Instanciando ConfiguracionJDBC con valores por defecto. Driver: H2
[2021-08-26 19:39:32] [DEBUG] [OdontologoDaoH2:88] Iniciando método 'insertarNuevo()'
[2021-08-26 19:39:32] [DEBUG] [ConfiguracionJDBC:34] Obteniendo conexión con la base de datos
[2021-08-26 19:39:32] [ERROR] [Service:55] La columna "NOMBRE" no permite valores nulos (NULL)
NULL not allowed for column "NOMBRE"; SQL statement:
INSERT INTO odontologos (nombre,apellido,numeroMatricula) VALUES (?,?,?); [23502-200]
[2021-08-26 19:39:32] [DEBUG] [ConfiguracionJDBC:18] Instanciando ConfiguracionJDBC con valores por defecto. Driver: H2
[2021-08-26 19:39:32] [DEBUG] [ConfiguracionJDBC:18] Instanciando ConfiguracionJDBC con valores por defecto. Driver: H2
[2021-08-26 19:39:32] [DEBUG] [OdontologoDaoH2:32] Iniciando método 'consultarPorId()'
[2021-08-26 19:39:32] [DEBUG] [ConfiguracionJDBC:34] Obteniendo conexión con la base de datos
[2021-08-26 19:39:32] [DEBUG] [OdontologoDaoH2:55] Terminó la ejecución del método 'consultarPorId()' con éxito
[2021-08-26 19:39:32] [INFO ] [Service:39] El odontologo con ID: 1 es Odontologo
	Nombre: 'Pepe'
	Apellido: 'Pepardo'
	Matricula: 123456
[2021-08-26 19:39:32] [DEBUG] [ConfiguracionJDBC:18] Instanciando ConfiguracionJDBC con valores por defecto. Driver: H2
[2021-08-26 19:39:32] [DEBUG] [ConfiguracionJDBC:18] Instanciando ConfiguracionJDBC con valores por defecto. Driver: H2
[2021-08-26 19:39:32] [DEBUG] [OdontologoDaoH2:88] Iniciando método 'insertarNuevo()'
[2021-08-26 19:39:32] [DEBUG] [ConfiguracionJDBC:34] Obteniendo conexión con la base de datos
[2021-08-26 19:39:32] [DEBUG] [OdontologoDaoH2:110] Terminó la ejecución del método 'insertarNuevo()' con éxito
[2021-08-26 19:39:32] [DEBUG] [ConfiguracionJDBC:18] Instanciando ConfiguracionJDBC con valores por defecto. Driver: H2
[2021-08-26 19:39:32] [DEBUG] [OdontologoDaoH2:61] Iniciando método 'consultarTodos()'
[2021-08-26 19:39:32] [DEBUG] [ConfiguracionJDBC:34] Obteniendo conexión con la base de datos
[2021-08-26 19:39:32] [DEBUG] [OdontologoDaoH2:82] Terminó la ejecución del método 'consultarTodos()' con éxito
[2021-08-26 19:39:32] [DEBUG] [ConfiguracionJDBC:18] Instanciando ConfiguracionJDBC con valores por defecto. Driver: H2
[2021-08-26 19:39:32] [DEBUG] [OdontologoDaoH2:116] Iniciando método 'actualizar()'
[2021-08-26 19:39:32] [DEBUG] [ConfiguracionJDBC:34] Obteniendo conexión con la base de datos
[2021-08-26 19:39:32] [DEBUG] [OdontologoDaoH2:133] Terminó la ejecución del método 'actualizar()' con éxito
[2021-08-26 19:39:32] [DEBUG] [ConfiguracionJDBC:18] Instanciando ConfiguracionJDBC con valores por defecto. Driver: H2
[2021-08-26 19:39:32] [DEBUG] [OdontologoDaoH2:32] Iniciando método 'consultarPorId()'
[2021-08-26 19:39:32] [DEBUG] [ConfiguracionJDBC:34] Obteniendo conexión con la base de datos
[2021-08-26 19:39:32] [DEBUG] [ConfiguracionJDBC:18] Instanciando ConfiguracionJDBC con valores por defecto. Driver: H2
[2021-08-26 19:39:32] [DEBUG] [OdontologoDaoH2:88] Iniciando método 'insertarNuevo()'
[2021-08-26 19:39:32] [DEBUG] [ConfiguracionJDBC:18] Instanciando ConfiguracionJDBC con valores por defecto. Driver: H2
[2021-08-26 19:39:32] [DEBUG] [OdontologoDaoH2:88] Iniciando método 'insertarNuevo()'
[2021-08-26 19:39:32] [DEBUG] [ConfiguracionJDBC:34] Obteniendo conexión con la base de datos
[2021-08-26 19:39:32] [DEBUG] [OdontologoDaoH2:110] Terminó la ejecución del método 'insertarNuevo()' con éxito
[2021-08-26 19:39:32] [DEBUG] [OdontologoDaoH2:61] Iniciando método 'consultarTodos()'
[2021-08-26 19:39:32] [DEBUG] [ConfiguracionJDBC:34] Obteniendo conexión con la base de datos
[2021-08-26 19:39:32] [DEBUG] [OdontologoDaoH2:82] Terminó la ejecución del método 'consultarTodos()' con éxito
[2021-08-26 19:39:32] [DEBUG] [ConfiguracionJDBC:18] Instanciando ConfiguracionJDBC con valores por defecto. Driver: H2
[2021-08-26 19:39:32] [DEBUG] [OdontologoDaoH2:116] Iniciando método 'actualizar()'
[2021-08-26 19:39:32] [DEBUG] [ConfiguracionJDBC:18] Instanciando ConfiguracionJDBC con valores por defecto. Driver: H2
[2021-08-26 19:39:32] [DEBUG] [OdontologoDaoH2:32] Iniciando método 'consultarPorId()'
[2021-08-26 19:39:32] [DEBUG] [ConfiguracionJDBC:34] Obteniendo conexión con la base de datos
[2021-08-26 19:39:32] [DEBUG] [OdontologoDaoH2:55] Terminó la ejecución del método 'consultarPorId()' con éxito
[2021-08-26 19:43:49] [DEBUG] [ConfiguracionJDBC:18] Instanciando ConfiguracionJDBC con valores por defecto. Driver: H2
[2021-08-26 19:43:49] [DEBUG] [ConfiguracionJDBC:18] Instanciando ConfiguracionJDBC con valores por defecto. Driver: H2
[2021-08-26 19:43:49] [DEBUG] [OdontologoDaoH2:32] Iniciando método 'consultarPorId()'
[2021-08-26 19:43:49] [ERROR] [Service:42] El id no puede ser null
[2021-08-26 19:43:49] [DEBUG] [ConfiguracionJDBC:18] Instanciando ConfiguracionJDBC con valores por defecto. Driver: H2
[2021-08-26 19:43:49] [DEBUG] [ConfiguracionJDBC:18] Instanciando ConfiguracionJDBC con valores por defecto. Driver: H2
[2021-08-26 19:43:49] [DEBUG] [OdontologoDaoH2:32] Iniciando método 'consultarPorId()'
[2021-08-26 19:43:49] [DEBUG] [ConfiguracionJDBC:34] Obteniendo conexión con la base de datos
[2021-08-26 19:43:50] [ERROR] [Service:42] No existe ningun odontologo con ese ID
[2021-08-26 19:43:50] [DEBUG] [ConfiguracionJDBC:18] Instanciando ConfiguracionJDBC con valores por defecto. Driver: H2
[2021-08-26 19:43:50] [DEBUG] [ConfiguracionJDBC:18] Instanciando ConfiguracionJDBC con valores por defecto. Driver: H2
[2021-08-26 19:43:50] [DEBUG] [OdontologoDaoH2:61] Iniciando método 'consultarTodos()'
[2021-08-26 19:43:50] [DEBUG] [ConfiguracionJDBC:34] Obteniendo conexión con la base de datos
[2021-08-26 19:43:50] [DEBUG] [OdontologoDaoH2:82] Terminó la ejecución del método 'consultarTodos()' con éxito
[2021-08-26 19:43:50] [DEBUG] [ConfiguracionJDBC:18] Instanciando ConfiguracionJDBC con valores por defecto. Driver: H2
[2021-08-26 19:43:50] [DEBUG] [ConfiguracionJDBC:18] Instanciando ConfiguracionJDBC con valores por defecto. Driver: H2
[2021-08-26 19:43:50] [DEBUG] [OdontologoDaoH2:32] Iniciando método 'consultarPorId()'
[2021-08-26 19:43:50] [DEBUG] [ConfiguracionJDBC:34] Obteniendo conexión con la base de datos
[2021-08-26 19:43:50] [DEBUG] [OdontologoDaoH2:55] Terminó la ejecución del método 'consultarPorId()' con éxito
[2021-08-26 19:43:50] [DEBUG] [OdontologoDaoH2:116] Iniciando método 'actualizar()'
[2021-08-26 19:43:50] [DEBUG] [ConfiguracionJDBC:34] Obteniendo conexión con la base de datos
[2021-08-26 19:43:50] [DEBUG] [OdontologoDaoH2:133] Terminó la ejecución del método 'actualizar()' con éxito
[2021-08-26 19:43:50] [INFO ] [Service:70] Los nuevos datos son:
Odontologo
	Nombre: 'Pipo'
	Apellido: 'Piposo'
	Matricula: 112233
[2021-08-26 19:43:50] [DEBUG] [ConfiguracionJDBC:18] Instanciando ConfiguracionJDBC con valores por defecto. Driver: H2
[2021-08-26 19:43:50] [DEBUG] [ConfiguracionJDBC:18] Instanciando ConfiguracionJDBC con valores por defecto. Driver: H2
[2021-08-26 19:43:50] [DEBUG] [OdontologoDaoH2:88] Iniciando método 'insertarNuevo()'
[2021-08-26 19:43:50] [DEBUG] [ConfiguracionJDBC:34] Obteniendo conexión con la base de datos
[2021-08-26 19:43:50] [DEBUG] [OdontologoDaoH2:110] Terminó la ejecución del método 'insertarNuevo()' con éxito
[2021-08-26 19:43:50] [INFO ] [Service:53] El odontologo Odontologo
	Nombre: 'John'
	Apellido: 'Doe'
	Matricula: 666666 fue dado de alta con éxito
[2021-08-26 19:43:50] [DEBUG] [ConfiguracionJDBC:18] Instanciando ConfiguracionJDBC con valores por defecto. Driver: H2
[2021-08-26 19:43:50] [DEBUG] [ConfiguracionJDBC:18] Instanciando ConfiguracionJDBC con valores por defecto. Driver: H2
[2021-08-26 19:43:50] [DEBUG] [OdontologoDaoH2:32] Iniciando método 'consultarPorId()'
[2021-08-26 19:43:50] [DEBUG] [ConfiguracionJDBC:34] Obteniendo conexión con la base de datos
[2021-08-26 19:43:50] [ERROR] [Service:42] No existe ningun odontologo con ese ID
[2021-08-26 19:43:50] [DEBUG] [ConfiguracionJDBC:18] Instanciando ConfiguracionJDBC con valores por defecto. Driver: H2
[2021-08-26 19:43:50] [DEBUG] [ConfiguracionJDBC:18] Instanciando ConfiguracionJDBC con valores por defecto. Driver: H2
[2021-08-26 19:43:50] [DEBUG] [OdontologoDaoH2:88] Iniciando método 'insertarNuevo()'
[2021-08-26 19:43:50] [DEBUG] [ConfiguracionJDBC:34] Obteniendo conexión con la base de datos
[2021-08-26 19:43:50] [ERROR] [Service:55] La columna "NOMBRE" no permite valores nulos (NULL)
NULL not allowed for column "NOMBRE"; SQL statement:
INSERT INTO odontologos (nombre,apellido,numeroMatricula) VALUES (?,?,?); [23502-200]
[2021-08-26 19:43:50] [DEBUG] [ConfiguracionJDBC:18] Instanciando ConfiguracionJDBC con valores por defecto. Driver: H2
[2021-08-26 19:43:50] [DEBUG] [ConfiguracionJDBC:18] Instanciando ConfiguracionJDBC con valores por defecto. Driver: H2
[2021-08-26 19:43:50] [DEBUG] [OdontologoDaoH2:32] Iniciando método 'consultarPorId()'
[2021-08-26 19:43:50] [DEBUG] [ConfiguracionJDBC:34] Obteniendo conexión con la base de datos
[2021-08-26 19:43:50] [DEBUG] [OdontologoDaoH2:55] Terminó la ejecución del método 'consultarPorId()' con éxito
[2021-08-26 19:43:50] [INFO ] [Service:39] El odontologo con ID: 1 es Odontologo
	Nombre: 'Pepe'
	Apellido: 'Pepardo'
	Matricula: 123456
[2021-08-26 19:43:50] [DEBUG] [ConfiguracionJDBC:18] Instanciando ConfiguracionJDBC con valores por defecto. Driver: H2
[2021-08-26 19:43:50] [DEBUG] [ConfiguracionJDBC:18] Instanciando ConfiguracionJDBC con valores por defecto. Driver: H2
[2021-08-26 19:43:50] [DEBUG] [OdontologoDaoH2:88] Iniciando método 'insertarNuevo()'
[2021-08-26 19:43:50] [DEBUG] [ConfiguracionJDBC:34] Obteniendo conexión con la base de datos
[2021-08-26 19:43:50] [DEBUG] [OdontologoDaoH2:110] Terminó la ejecución del método 'insertarNuevo()' con éxito
[2021-08-26 19:43:50] [DEBUG] [ConfiguracionJDBC:18] Instanciando ConfiguracionJDBC con valores por defecto. Driver: H2
[2021-08-26 19:43:50] [DEBUG] [OdontologoDaoH2:61] Iniciando método 'consultarTodos()'
[2021-08-26 19:43:50] [DEBUG] [ConfiguracionJDBC:34] Obteniendo conexión con la base de datos
[2021-08-26 19:43:50] [DEBUG] [OdontologoDaoH2:82] Terminó la ejecución del método 'consultarTodos()' con éxito
[2021-08-26 19:43:50] [DEBUG] [ConfiguracionJDBC:18] Instanciando ConfiguracionJDBC con valores por defecto. Driver: H2
[2021-08-26 19:43:50] [DEBUG] [OdontologoDaoH2:116] Iniciando método 'actualizar()'
[2021-08-26 19:43:50] [DEBUG] [ConfiguracionJDBC:34] Obteniendo conexión con la base de datos
[2021-08-26 19:43:50] [DEBUG] [OdontologoDaoH2:133] Terminó la ejecución del método 'actualizar()' con éxito
[2021-08-26 19:43:50] [DEBUG] [ConfiguracionJDBC:18] Instanciando ConfiguracionJDBC con valores por defecto. Driver: H2
[2021-08-26 19:43:50] [DEBUG] [OdontologoDaoH2:32] Iniciando método 'consultarPorId()'
[2021-08-26 19:43:50] [DEBUG] [ConfiguracionJDBC:34] Obteniendo conexión con la base de datos
[2021-08-26 19:43:50] [DEBUG] [ConfiguracionJDBC:18] Instanciando ConfiguracionJDBC con valores por defecto. Driver: H2
[2021-08-26 19:43:50] [DEBUG] [OdontologoDaoH2:88] Iniciando método 'insertarNuevo()'
[2021-08-26 19:43:50] [DEBUG] [ConfiguracionJDBC:18] Instanciando ConfiguracionJDBC con valores por defecto. Driver: H2
[2021-08-26 19:43:50] [DEBUG] [OdontologoDaoH2:88] Iniciando método 'insertarNuevo()'
[2021-08-26 19:43:50] [DEBUG] [ConfiguracionJDBC:34] Obteniendo conexión con la base de datos
[2021-08-26 19:43:50] [DEBUG] [OdontologoDaoH2:110] Terminó la ejecución del método 'insertarNuevo()' con éxito
[2021-08-26 19:43:50] [DEBUG] [OdontologoDaoH2:61] Iniciando método 'consultarTodos()'
[2021-08-26 19:43:50] [DEBUG] [ConfiguracionJDBC:34] Obteniendo conexión con la base de datos
[2021-08-26 19:43:50] [DEBUG] [OdontologoDaoH2:82] Terminó la ejecución del método 'consultarTodos()' con éxito
[2021-08-26 19:43:50] [DEBUG] [ConfiguracionJDBC:18] Instanciando ConfiguracionJDBC con valores por defecto. Driver: H2
[2021-08-26 19:43:50] [DEBUG] [OdontologoDaoH2:116] Iniciando método 'actualizar()'
[2021-08-26 19:43:50] [DEBUG] [ConfiguracionJDBC:18] Instanciando ConfiguracionJDBC con valores por defecto. Driver: H2
[2021-08-26 19:43:50] [DEBUG] [OdontologoDaoH2:32] Iniciando método 'consultarPorId()'
[2021-08-26 19:43:50] [DEBUG] [ConfiguracionJDBC:34] Obteniendo conexión con la base de datos
[2021-08-26 19:43:50] [DEBUG] [OdontologoDaoH2:55] Terminó la ejecución del método 'consultarPorId()' con éxito
